<?xml version="1.0" encoding="utf-8"?>
<testsuites>
<testsuite package="org.spectral" time="0" tests="1" errors="0" failures="1" name="d:/a/1/a/artifacts/apis/openid-configuration/specification.yaml">
<testcase time="0" name="org.spectral.rule-important-info-fields(#/info/description)" classname="d:/a/1/a/artifacts/apis/openid-configuration/specification"><failure message="Missing the description"><![CDATA[line 4, col 16, Missing the description (rule-important-info-fields) at path #/info/description]]></failure></testcase>
</testsuite>
</testsuites>
